<?xml version="1.0" encoding="UTF-8"?>
<testng-results ignored="0" total="1" passed="1" failed="0" skipped="0">
  <reporter-output>
  </reporter-output>
  <suite started-at="2023-05-10T20:15:28 IST" name="Default suite" finished-at="2023-05-10T20:15:28 IST" duration-ms="58">
    <groups>
    </groups>
    <test started-at="2023-05-10T20:15:28 IST" name="Default test" finished-at="2023-05-10T20:15:28 IST" duration-ms="58">
      <class name="secondSolution.RecentlyPlayedStoreTest">
        <test-method signature="test()[pri:0, instance:secondSolution.RecentlyPlayedStoreTest@3e58a80e]" started-at="2023-05-10T20:15:28 IST" name="test" finished-at="2023-05-10T20:15:28 IST" duration-ms="11" status="PASS">
          <reporter-output>
          </reporter-output>
        </test-method> <!-- test -->
      </class> <!-- secondSolution.RecentlyPlayedStoreTest -->
    </test> <!-- Default test -->
  </suite> <!-- Default suite -->
</testng-results>
